<?xml version="1.0" encoding="UTF-8"?>
<!-- Generated by org.testng.reporters.JUnitXMLReporter -->
<testsuite ignored="0" hostname="LAPTOP-GAUPM6CM" failures="0" tests="4" name="Default test" time="0.068" errors="0" timestamp="2024-04-03T10:42:00 IST">
  <testcase classname="apr3rd.TestNgDemo1" name="registrationTest" time="0.004"/>
  <testcase classname="apr3rd.TestNgDemo1" name="loginTest" time="0.003"/>
  <testcase classname="apr3rd.TestNgDemo1" name="forgotPasswordTest" time="0.001"/>
  <testcase classname="apr3rd.TestNgDemo1" name="changePasswordTest" time="0.002"/>
</testsuite> <!-- Default test -->
